<?xml version="1.0" encoding="UTF-8"?>
<testsuite name="com.kwonsye.springboot.webservice.web.PostsApiControllerTest" tests="1" skipped="0" failures="0" errors="0" timestamp="2020-04-24T18:56:45" hostname="LAPTOP-LP84CHN5" time="1.333">
  <properties/>
  <testcase name="registerPosts" classname="com.kwonsye.springboot.webservice.web.PostsApiControllerTest" time="1.333"/>
  <system-out><![CDATA[03:56:32.477 [Test worker] DEBUG org.springframework.test.context.junit4.SpringJUnit4ClassRunner - SpringJUnit4ClassRunner constructor called with [class com.kwonsye.springboot.webservice.web.PostsApiControllerTest]
03:56:32.512 [Test worker] DEBUG org.springframework.test.context.BootstrapUtils - Instantiating CacheAwareContextLoaderDelegate from class [org.springframework.test.context.cache.DefaultCacheAwareContextLoaderDelegate]
03:56:32.536 [Test worker] DEBUG org.springframework.test.context.BootstrapUtils - Instantiating BootstrapContext using constructor [public org.springframework.test.context.support.DefaultBootstrapContext(java.lang.Class,org.springframework.test.context.CacheAwareContextLoaderDelegate)]
03:56:32.571 [Test worker] DEBUG org.springframework.test.context.BootstrapUtils - Instantiating TestContextBootstrapper for test class [com.kwonsye.springboot.webservice.web.PostsApiControllerTest] from class [org.springframework.boot.test.context.SpringBootTestContextBootstrapper]
03:56:32.611 [Test worker] INFO org.springframework.boot.test.context.SpringBootTestContextBootstrapper - Neither @ContextConfiguration nor @ContextHierarchy found for test class [com.kwonsye.springboot.webservice.web.PostsApiControllerTest], using SpringBootContextLoader
03:56:32.613 [Test worker] DEBUG org.springframework.test.context.support.AbstractContextLoader - Did not detect default resource location for test class [com.kwonsye.springboot.webservice.web.PostsApiControllerTest]: class path resource [com/kwonsye/springboot/webservice/web/PostsApiControllerTest-context.xml] does not exist
03:56:32.618 [Test worker] DEBUG org.springframework.test.context.support.AbstractContextLoader - Did not detect default resource location for test class [com.kwonsye.springboot.webservice.web.PostsApiControllerTest]: class path resource [com/kwonsye/springboot/webservice/web/PostsApiControllerTestContext.groovy] does not exist
03:56:32.618 [Test worker] INFO org.springframework.test.context.support.AbstractContextLoader - Could not detect default resource locations for test class [com.kwonsye.springboot.webservice.web.PostsApiControllerTest]: no resource found for suffixes {-context.xml, Context.groovy}.
03:56:32.619 [Test worker] INFO org.springframework.test.context.support.AnnotationConfigContextLoaderUtils - Could not detect default configuration classes for test class [com.kwonsye.springboot.webservice.web.PostsApiControllerTest]: PostsApiControllerTest does not declare any static, non-private, non-final, nested classes annotated with @Configuration.
03:56:32.720 [Test worker] DEBUG org.springframework.test.context.support.ActiveProfilesUtils - Could not find an 'annotation declaring class' for annotation type [org.springframework.test.context.ActiveProfiles] and class [com.kwonsye.springboot.webservice.web.PostsApiControllerTest]
03:56:32.923 [Test worker] DEBUG org.springframework.context.annotation.ClassPathScanningCandidateComponentProvider - Identified candidate component class: file [C:\Users\kwons\springboot-webservice\build\classes\java\main\com\kwonsye\springboot\webservice\Application.class]
03:56:32.926 [Test worker] INFO org.springframework.boot.test.context.SpringBootTestContextBootstrapper - Found @SpringBootConfiguration com.kwonsye.springboot.webservice.Application for test class com.kwonsye.springboot.webservice.web.PostsApiControllerTest
03:56:33.168 [Test worker] DEBUG org.springframework.boot.test.context.SpringBootTestContextBootstrapper - @TestExecutionListeners is not present for class [com.kwonsye.springboot.webservice.web.PostsApiControllerTest]: using defaults.
03:56:33.168 [Test worker] INFO org.springframework.boot.test.context.SpringBootTestContextBootstrapper - Loaded default TestExecutionListener class names from location [META-INF/spring.factories]: [org.springframework.boot.test.autoconfigure.restdocs.RestDocsTestExecutionListener, org.springframework.boot.test.autoconfigure.web.client.MockRestServiceServerResetTestExecutionListener, org.springframework.boot.test.autoconfigure.web.servlet.MockMvcPrintOnlyOnFailureTestExecutionListener, org.springframework.boot.test.autoconfigure.web.servlet.WebDriverTestExecutionListener, org.springframework.boot.test.mock.mockito.MockitoTestExecutionListener, org.springframework.boot.test.mock.mockito.ResetMocksTestExecutionListener, org.springframework.test.context.web.ServletTestExecutionListener, org.springframework.test.context.support.DirtiesContextBeforeModesTestExecutionListener, org.springframework.test.context.support.DependencyInjectionTestExecutionListener, org.springframework.test.context.support.DirtiesContextTestExecutionListener, org.springframework.test.context.transaction.TransactionalTestExecutionListener, org.springframework.test.context.jdbc.SqlScriptsTestExecutionListener]
03:56:33.234 [Test worker] INFO org.springframework.boot.test.context.SpringBootTestContextBootstrapper - Using TestExecutionListeners: [org.springframework.test.context.web.ServletTestExecutionListener@3a2cd078, org.springframework.test.context.support.DirtiesContextBeforeModesTestExecutionListener@6ea156a, org.springframework.boot.test.mock.mockito.MockitoTestExecutionListener@202e7e8e, org.springframework.boot.test.autoconfigure.SpringBootDependencyInjectionTestExecutionListener@18f29716, org.springframework.test.context.support.DirtiesContextTestExecutionListener@44813b60, org.springframework.test.context.transaction.TransactionalTestExecutionListener@121637df, org.springframework.test.context.jdbc.SqlScriptsTestExecutionListener@419ff11d, org.springframework.boot.test.autoconfigure.restdocs.RestDocsTestExecutionListener@4dd9841f, org.springframework.boot.test.autoconfigure.web.client.MockRestServiceServerResetTestExecutionListener@cefcff, org.springframework.boot.test.autoconfigure.web.servlet.MockMvcPrintOnlyOnFailureTestExecutionListener@23458bf6, org.springframework.boot.test.autoconfigure.web.servlet.WebDriverTestExecutionListener@1d6c919a, org.springframework.boot.test.mock.mockito.ResetMocksTestExecutionListener@1c940754]
03:56:33.239 [Test worker] DEBUG org.springframework.test.annotation.ProfileValueUtils - Retrieved @ProfileValueSourceConfiguration [null] for test class [com.kwonsye.springboot.webservice.web.PostsApiControllerTest]
03:56:33.244 [Test worker] DEBUG org.springframework.test.annotation.ProfileValueUtils - Retrieved ProfileValueSource type [class org.springframework.test.annotation.SystemProfileValueSource] for class [com.kwonsye.springboot.webservice.web.PostsApiControllerTest]
03:56:33.253 [Test worker] DEBUG org.springframework.test.annotation.ProfileValueUtils - Retrieved @ProfileValueSourceConfiguration [null] for test class [com.kwonsye.springboot.webservice.web.PostsApiControllerTest]
03:56:33.256 [Test worker] DEBUG org.springframework.test.annotation.ProfileValueUtils - Retrieved ProfileValueSource type [class org.springframework.test.annotation.SystemProfileValueSource] for class [com.kwonsye.springboot.webservice.web.PostsApiControllerTest]
03:56:33.259 [Test worker] DEBUG org.springframework.test.annotation.ProfileValueUtils - Retrieved @ProfileValueSourceConfiguration [null] for test class [com.kwonsye.springboot.webservice.web.PostsApiControllerTest]
03:56:33.259 [Test worker] DEBUG org.springframework.test.annotation.ProfileValueUtils - Retrieved ProfileValueSource type [class org.springframework.test.annotation.SystemProfileValueSource] for class [com.kwonsye.springboot.webservice.web.PostsApiControllerTest]
03:56:33.269 [Test worker] DEBUG org.springframework.test.context.support.AbstractDirtiesContextTestExecutionListener - Before test class: context [DefaultTestContext@e76b0a2 testClass = PostsApiControllerTest, testInstance = [null], testMethod = [null], testException = [null], mergedContextConfiguration = [WebMergedContextConfiguration@1ce24ca9 testClass = PostsApiControllerTest, locations = '{}', classes = '{class com.kwonsye.springboot.webservice.Application}', contextInitializerClasses = '[]', activeProfiles = '{}', propertySourceLocations = '{}', propertySourceProperties = '{org.springframework.boot.test.context.SpringBootTestContextBootstrapper=true, server.port=0}', contextCustomizers = set[org.springframework.boot.test.autoconfigure.properties.PropertyMappingContextCustomizer@0, org.springframework.boot.test.autoconfigure.web.servlet.WebDriverContextCustomizerFactory$Customizer@3028275, org.springframework.boot.test.context.filter.ExcludeFilterContextCustomizer@4984a5a7, org.springframework.boot.test.json.DuplicateJsonObjectContextCustomizerFactory$DuplicateJsonObjectContextCustomizer@1582533, org.springframework.boot.test.mock.mockito.MockitoContextCustomizer@0, org.springframework.boot.test.web.client.TestRestTemplateContextCustomizer@1eb020ed], resourceBasePath = 'src/main/webapp', contextLoader = 'org.springframework.boot.test.context.SpringBootContextLoader', parent = [null]], attributes = map['org.springframework.test.context.web.ServletTestExecutionListener.activateListener' -> false]], class annotated with @DirtiesContext [false] with mode [null].
03:56:33.270 [Test worker] DEBUG org.springframework.test.annotation.ProfileValueUtils - Retrieved @ProfileValueSourceConfiguration [null] for test class [com.kwonsye.springboot.webservice.web.PostsApiControllerTest]
03:56:33.271 [Test worker] DEBUG org.springframework.test.annotation.ProfileValueUtils - Retrieved ProfileValueSource type [class org.springframework.test.annotation.SystemProfileValueSource] for class [com.kwonsye.springboot.webservice.web.PostsApiControllerTest]
03:56:33.279 [Test worker] DEBUG org.springframework.test.context.support.DependencyInjectionTestExecutionListener - Performing dependency injection for test context [[DefaultTestContext@e76b0a2 testClass = PostsApiControllerTest, testInstance = com.kwonsye.springboot.webservice.web.PostsApiControllerTest@62fce063, testMethod = [null], testException = [null], mergedContextConfiguration = [WebMergedContextConfiguration@1ce24ca9 testClass = PostsApiControllerTest, locations = '{}', classes = '{class com.kwonsye.springboot.webservice.Application}', contextInitializerClasses = '[]', activeProfiles = '{}', propertySourceLocations = '{}', propertySourceProperties = '{org.springframework.boot.test.context.SpringBootTestContextBootstrapper=true, server.port=0}', contextCustomizers = set[org.springframework.boot.test.autoconfigure.properties.PropertyMappingContextCustomizer@0, org.springframework.boot.test.autoconfigure.web.servlet.WebDriverContextCustomizerFactory$Customizer@3028275, org.springframework.boot.test.context.filter.ExcludeFilterContextCustomizer@4984a5a7, org.springframework.boot.test.json.DuplicateJsonObjectContextCustomizerFactory$DuplicateJsonObjectContextCustomizer@1582533, org.springframework.boot.test.mock.mockito.MockitoContextCustomizer@0, org.springframework.boot.test.web.client.TestRestTemplateContextCustomizer@1eb020ed], resourceBasePath = 'src/main/webapp', contextLoader = 'org.springframework.boot.test.context.SpringBootContextLoader', parent = [null]], attributes = map['org.springframework.test.context.web.ServletTestExecutionListener.activateListener' -> false]]].
03:56:33.326 [Test worker] DEBUG org.springframework.test.context.support.TestPropertySourceUtils - Adding inlined properties to environment: {spring.jmx.enabled=false, org.springframework.boot.test.context.SpringBootTestContextBootstrapper=true, server.port=0}

  .   ____          _            __ _ _
 /\\ / ___'_ __ _ _(_)_ __  __ _ \ \ \ \
( ( )\___ | '_ | '_| | '_ \/ _` | \ \ \ \
 \\/  ___)| |_)| | | | | || (_| |  ) ) ) )
  '  |____| .__|_| |_|_| |_\__, | / / / /
 =========|_|==============|___/=/_/_/_/
 :: Spring Boot ::        (v2.1.7.RELEASE)

2020-04-25 03:56:33.965  INFO 24148 --- [    Test worker] c.k.s.w.web.PostsApiControllerTest       : Starting PostsApiControllerTest on LAPTOP-LP84CHN5 with PID 24148 (started by kwons in C:\Users\kwons\springboot-webservice)
2020-04-25 03:56:33.969  INFO 24148 --- [    Test worker] c.k.s.w.web.PostsApiControllerTest       : No active profile set, falling back to default profiles: default
2020-04-25 03:56:36.086  INFO 24148 --- [    Test worker] .s.d.r.c.RepositoryConfigurationDelegate : Bootstrapping Spring Data repositories in DEFAULT mode.
2020-04-25 03:56:36.274  INFO 24148 --- [    Test worker] .s.d.r.c.RepositoryConfigurationDelegate : Finished Spring Data repository scanning in 162ms. Found 1 repository interfaces.
2020-04-25 03:56:37.157  INFO 24148 --- [    Test worker] trationDelegate$BeanPostProcessorChecker : Bean 'org.springframework.transaction.annotation.ProxyTransactionManagementConfiguration' of type [org.springframework.transaction.annotation.ProxyTransactionManagementConfiguration$$EnhancerBySpringCGLIB$$17f4dc08] is not eligible for getting processed by all BeanPostProcessors (for example: not eligible for auto-proxying)
2020-04-25 03:56:38.097  INFO 24148 --- [    Test worker] o.s.b.w.embedded.tomcat.TomcatWebServer  : Tomcat initialized with port(s): 0 (http)
2020-04-25 03:56:38.153  INFO 24148 --- [    Test worker] o.apache.catalina.core.StandardService   : Starting service [Tomcat]
2020-04-25 03:56:38.154  INFO 24148 --- [    Test worker] org.apache.catalina.core.StandardEngine  : Starting Servlet engine: [Apache Tomcat/9.0.22]
2020-04-25 03:56:38.518  INFO 24148 --- [    Test worker] o.a.c.c.C.[Tomcat].[localhost].[/]       : Initializing Spring embedded WebApplicationContext
2020-04-25 03:56:38.518  INFO 24148 --- [    Test worker] o.s.web.context.ContextLoader            : Root WebApplicationContext: initialization completed in 4475 ms
2020-04-25 03:56:39.430  INFO 24148 --- [    Test worker] com.zaxxer.hikari.HikariDataSource       : HikariPool-1 - Starting...
2020-04-25 03:56:39.873  INFO 24148 --- [    Test worker] com.zaxxer.hikari.HikariDataSource       : HikariPool-1 - Start completed.
2020-04-25 03:56:40.190  INFO 24148 --- [    Test worker] o.hibernate.jpa.internal.util.LogHelper  : HHH000204: Processing PersistenceUnitInfo [
	name: default
	...]
2020-04-25 03:56:40.405  INFO 24148 --- [    Test worker] org.hibernate.Version                    : HHH000412: Hibernate Core {5.3.10.Final}
2020-04-25 03:56:40.405  INFO 24148 --- [    Test worker] org.hibernate.cfg.Environment            : HHH000206: hibernate.properties not found
2020-04-25 03:56:40.859  INFO 24148 --- [    Test worker] o.hibernate.annotations.common.Version   : HCANN000001: Hibernate Commons Annotations {5.0.4.Final}
2020-04-25 03:56:41.336  INFO 24148 --- [    Test worker] org.hibernate.dialect.Dialect            : HHH000400: Using dialect: org.hibernate.dialect.MySQL5InnoDBDialect
Hibernate: drop table if exists posts
Hibernate: create table posts (id bigint not null auto_increment, author varchar(255), content TEXT not null, title varchar(500) not null, primary key (id)) engine=InnoDB
2020-04-25 03:56:42.672  INFO 24148 --- [    Test worker] o.h.t.schema.internal.SchemaCreatorImpl  : HHH000476: Executing import script 'org.hibernate.tool.schema.internal.exec.ScriptSourceInputNonExistentImpl@18cec33f'
2020-04-25 03:56:42.675  INFO 24148 --- [    Test worker] j.LocalContainerEntityManagerFactoryBean : Initialized JPA EntityManagerFactory for persistence unit 'default'
2020-04-25 03:56:44.554  INFO 24148 --- [    Test worker] o.s.s.concurrent.ThreadPoolTaskExecutor  : Initializing ExecutorService 'applicationTaskExecutor'
2020-04-25 03:56:44.695  WARN 24148 --- [    Test worker] aWebConfiguration$JpaWebMvcConfiguration : spring.jpa.open-in-view is enabled by default. Therefore, database queries may be performed during view rendering. Explicitly configure spring.jpa.open-in-view to disable this warning
2020-04-25 03:56:45.533  INFO 24148 --- [    Test worker] o.s.b.w.embedded.tomcat.TomcatWebServer  : Tomcat started on port(s): 2865 (http) with context path ''
2020-04-25 03:56:45.535  INFO 24148 --- [    Test worker] c.k.s.w.web.PostsApiControllerTest       : Started PostsApiControllerTest in 12.207 seconds (JVM running for 14.795)
2020-04-25 03:56:46.013  INFO 24148 --- [o-auto-1-exec-1] o.a.c.c.C.[Tomcat].[localhost].[/]       : Initializing Spring DispatcherServlet 'dispatcherServlet'
2020-04-25 03:56:46.013  INFO 24148 --- [o-auto-1-exec-1] o.s.web.servlet.DispatcherServlet        : Initializing Servlet 'dispatcherServlet'
2020-04-25 03:56:46.063  INFO 24148 --- [o-auto-1-exec-1] o.s.web.servlet.DispatcherServlet        : Completed initialization in 50 ms
Hibernate: insert into posts (author, content, title) values (?, ?, ?)
2020-04-25 03:56:46.637  INFO 24148 --- [    Test worker] o.h.h.i.QueryTranslatorFactoryInitiator  : HHH000397: Using ASTQueryTranslatorFactory
Hibernate: select posts0_.id as id1_0_, posts0_.author as author2_0_, posts0_.content as content3_0_, posts0_.title as title4_0_ from posts posts0_
Hibernate: select posts0_.id as id1_0_, posts0_.author as author2_0_, posts0_.content as content3_0_, posts0_.title as title4_0_ from posts posts0_
Hibernate: delete from posts where id=?
]]></system-out>
  <system-err><![CDATA[]]></system-err>
</testsuite>
