<?xml version="1.0" encoding="UTF-8"?>
<testsuite name="com.kwonsye.springboot.webservice.web.dto.HelloResponseDtoTest" tests="1" skipped="0" failures="0" errors="0" timestamp="2020-05-02T16:54:16" hostname="LAPTOP-LP84CHN5" time="0.017">
  <properties/>
  <testcase name="testLombok" classname="com.kwonsye.springboot.webservice.web.dto.HelloResponseDtoTest" time="0.017"/>
  <system-out><![CDATA[]]></system-out>
  <system-err><![CDATA[]]></system-err>
</testsuite>
