<?xml version="1.0" encoding="UTF-8"?>
<testsuite name="com.kwonsye.springboot.webservice.web.HelloControllerTest" tests="2" skipped="0" failures="0" errors="0" timestamp="2020-05-02T16:54:18" hostname="LAPTOP-LP84CHN5" time="0.395">
  <properties/>
  <testcase name="returnHelloDto" classname="com.kwonsye.springboot.webservice.web.HelloControllerTest" time="0.36"/>
  <testcase name="returnHello" classname="com.kwonsye.springboot.webservice.web.HelloControllerTest" time="0.035"/>
  <system-out><![CDATA[2020-05-03 01:54:16.284  INFO 22892 --- [    Test worker] .b.t.a.w.s.WebMvcTestContextBootstrapper : Neither @ContextConfiguration nor @ContextHierarchy found for test class [com.kwonsye.springboot.webservice.web.HelloControllerTest], using SpringBootContextLoader
2020-05-03 01:54:16.286  INFO 22892 --- [    Test worker] o.s.t.c.support.AbstractContextLoader    : Could not detect default resource locations for test class [com.kwonsye.springboot.webservice.web.HelloControllerTest]: no resource found for suffixes {-context.xml, Context.groovy}.
2020-05-03 01:54:16.286  INFO 22892 --- [    Test worker] t.c.s.AnnotationConfigContextLoaderUtils : Could not detect default configuration classes for test class [com.kwonsye.springboot.webservice.web.HelloControllerTest]: HelloControllerTest does not declare any static, non-private, non-final, nested classes annotated with @Configuration.
2020-05-03 01:54:16.356  INFO 22892 --- [    Test worker] .b.t.c.SpringBootTestContextBootstrapper : Found @SpringBootConfiguration com.kwonsye.springboot.webservice.Application for test class com.kwonsye.springboot.webservice.web.HelloControllerTest
2020-05-03 01:54:16.360  INFO 22892 --- [    Test worker] .b.t.a.w.s.WebMvcTestContextBootstrapper : Loaded default TestExecutionListener class names from location [META-INF/spring.factories]: [org.springframework.security.test.context.support.WithSecurityContextTestExecutionListener, org.springframework.security.test.context.support.ReactorContextTestExecutionListener, org.springframework.boot.test.autoconfigure.restdocs.RestDocsTestExecutionListener, org.springframework.boot.test.autoconfigure.web.client.MockRestServiceServerResetTestExecutionListener, org.springframework.boot.test.autoconfigure.web.servlet.MockMvcPrintOnlyOnFailureTestExecutionListener, org.springframework.boot.test.autoconfigure.web.servlet.WebDriverTestExecutionListener, org.springframework.boot.test.mock.mockito.MockitoTestExecutionListener, org.springframework.boot.test.mock.mockito.ResetMocksTestExecutionListener, org.springframework.test.context.web.ServletTestExecutionListener, org.springframework.test.context.support.DirtiesContextBeforeModesTestExecutionListener, org.springframework.test.context.support.DependencyInjectionTestExecutionListener, org.springframework.test.context.support.DirtiesContextTestExecutionListener, org.springframework.test.context.transaction.TransactionalTestExecutionListener, org.springframework.test.context.jdbc.SqlScriptsTestExecutionListener]
2020-05-03 01:54:16.365  INFO 22892 --- [    Test worker] .b.t.a.w.s.WebMvcTestContextBootstrapper : Using TestExecutionListeners: [org.springframework.test.context.web.ServletTestExecutionListener@70aa2a59, org.springframework.test.context.support.DirtiesContextBeforeModesTestExecutionListener@750a65eb, org.springframework.boot.test.mock.mockito.MockitoTestExecutionListener@7387d263, org.springframework.boot.test.autoconfigure.SpringBootDependencyInjectionTestExecutionListener@56c9d474, org.springframework.test.context.support.DirtiesContextTestExecutionListener@7710d416, org.springframework.test.context.transaction.TransactionalTestExecutionListener@5113d222, org.springframework.test.context.jdbc.SqlScriptsTestExecutionListener@1cca16a9, org.springframework.security.test.context.support.WithSecurityContextTestExecutionListener@4380b30, org.springframework.security.test.context.support.ReactorContextTestExecutionListener@75f9cfc5, org.springframework.boot.test.autoconfigure.restdocs.RestDocsTestExecutionListener@3a34919a, org.springframework.boot.test.autoconfigure.web.client.MockRestServiceServerResetTestExecutionListener@7607a72b, org.springframework.boot.test.autoconfigure.web.servlet.MockMvcPrintOnlyOnFailureTestExecutionListener@32225350, org.springframework.boot.test.autoconfigure.web.servlet.WebDriverTestExecutionListener@99e2536, org.springframework.boot.test.mock.mockito.ResetMocksTestExecutionListener@1738cdde]

  .   ____          _            __ _ _
 /\\ / ___'_ __ _ _(_)_ __  __ _ \ \ \ \
( ( )\___ | '_ | '_| | '_ \/ _` | \ \ \ \
 \\/  ___)| |_)| | | | | || (_| |  ) ) ) )
  '  |____| .__|_| |_|_| |_\__, | / / / /
 =========|_|==============|___/=/_/_/_/
 :: Spring Boot ::        (v2.1.7.RELEASE)

2020-05-03 01:54:16.492  INFO 22892 --- [    Test worker] c.k.s.w.web.HelloControllerTest          : Starting HelloControllerTest on LAPTOP-LP84CHN5 with PID 22892 (started by kwons in C:\Users\kwons\springboot-webservice)
2020-05-03 01:54:16.494  INFO 22892 --- [    Test worker] c.k.s.w.web.HelloControllerTest          : The following profiles are active: oauth
2020-05-03 01:54:17.671  INFO 22892 --- [    Test worker] o.s.s.concurrent.ThreadPoolTaskExecutor  : Initializing ExecutorService 'applicationTaskExecutor'
2020-05-03 01:54:17.735  INFO 22892 --- [    Test worker] o.s.b.a.w.s.WelcomePageHandlerMapping    : Adding welcome page template: index
2020-05-03 01:54:18.238  INFO 22892 --- [    Test worker] .s.s.UserDetailsServiceAutoConfiguration : 

Using generated security password: 119c086b-edd5-41ae-ac20-173ed80593a0

2020-05-03 01:54:18.603  INFO 22892 --- [    Test worker] o.s.s.web.DefaultSecurityFilterChain     : Creating filter chain: any request, [org.springframework.security.web.context.request.async.WebAsyncManagerIntegrationFilter@2f5efe13, org.springframework.security.web.context.SecurityContextPersistenceFilter@73e35f0, org.springframework.security.web.header.HeaderWriterFilter@5430c7d, org.springframework.security.web.csrf.CsrfFilter@24bfc068, org.springframework.security.web.authentication.logout.LogoutFilter@5342b1ec, org.springframework.security.web.authentication.UsernamePasswordAuthenticationFilter@182d18e8, org.springframework.security.web.authentication.ui.DefaultLoginPageGeneratingFilter@56f2a2fe, org.springframework.security.web.authentication.ui.DefaultLogoutPageGeneratingFilter@40ba1d76, org.springframework.security.web.authentication.www.BasicAuthenticationFilter@183a5ac7, org.springframework.security.web.savedrequest.RequestCacheAwareFilter@3d9d9925, org.springframework.security.web.servletapi.SecurityContextHolderAwareRequestFilter@20a04a0f, org.springframework.security.web.authentication.AnonymousAuthenticationFilter@a1c8bc4, org.springframework.security.web.session.SessionManagementFilter@5fa5303d, org.springframework.security.web.access.ExceptionTranslationFilter@36719d17, org.springframework.security.web.access.intercept.FilterSecurityInterceptor@2898d49f]
2020-05-03 01:54:18.654  INFO 22892 --- [    Test worker] o.s.b.t.m.w.SpringBootMockServletContext : Initializing Spring TestDispatcherServlet ''
2020-05-03 01:54:18.654  INFO 22892 --- [    Test worker] o.s.t.web.servlet.TestDispatcherServlet  : Initializing Servlet ''
2020-05-03 01:54:18.672  INFO 22892 --- [    Test worker] o.s.t.web.servlet.TestDispatcherServlet  : Completed initialization in 18 ms
2020-05-03 01:54:18.766  INFO 22892 --- [    Test worker] c.k.s.w.web.HelloControllerTest          : Started HelloControllerTest in 2.395 seconds (JVM running for 29.418)
]]></system-out>
  <system-err><![CDATA[]]></system-err>
</testsuite>
