<?xml version="1.0" encoding="UTF-8"?>
<testsuite name="com.kwonsye.springboot.webservice.web.PostsApiControllerTest" tests="1" skipped="0" failures="0" errors="0" timestamp="2020-04-25T05:57:03" hostname="LAPTOP-LP84CHN5" time="1.363">
  <properties/>
  <testcase name="updatePosts" classname="com.kwonsye.springboot.webservice.web.PostsApiControllerTest" time="1.363"/>
  <system-out><![CDATA[14:56:52.223 [Test worker] DEBUG org.springframework.test.context.junit4.SpringJUnit4ClassRunner - SpringJUnit4ClassRunner constructor called with [class com.kwonsye.springboot.webservice.web.PostsApiControllerTest]
14:56:52.255 [Test worker] DEBUG org.springframework.test.context.BootstrapUtils - Instantiating CacheAwareContextLoaderDelegate from class [org.springframework.test.context.cache.DefaultCacheAwareContextLoaderDelegate]
14:56:52.297 [Test worker] DEBUG org.springframework.test.context.BootstrapUtils - Instantiating BootstrapContext using constructor [public org.springframework.test.context.support.DefaultBootstrapContext(java.lang.Class,org.springframework.test.context.CacheAwareContextLoaderDelegate)]
14:56:52.344 [Test worker] DEBUG org.springframework.test.context.BootstrapUtils - Instantiating TestContextBootstrapper for test class [com.kwonsye.springboot.webservice.web.PostsApiControllerTest] from class [org.springframework.boot.test.context.SpringBootTestContextBootstrapper]
14:56:52.375 [Test worker] INFO org.springframework.boot.test.context.SpringBootTestContextBootstrapper - Neither @ContextConfiguration nor @ContextHierarchy found for test class [com.kwonsye.springboot.webservice.web.PostsApiControllerTest], using SpringBootContextLoader
14:56:52.391 [Test worker] DEBUG org.springframework.test.context.support.AbstractContextLoader - Did not detect default resource location for test class [com.kwonsye.springboot.webservice.web.PostsApiControllerTest]: class path resource [com/kwonsye/springboot/webservice/web/PostsApiControllerTest-context.xml] does not exist
14:56:52.391 [Test worker] DEBUG org.springframework.test.context.support.AbstractContextLoader - Did not detect default resource location for test class [com.kwonsye.springboot.webservice.web.PostsApiControllerTest]: class path resource [com/kwonsye/springboot/webservice/web/PostsApiControllerTestContext.groovy] does not exist
14:56:52.406 [Test worker] INFO org.springframework.test.context.support.AbstractContextLoader - Could not detect default resource locations for test class [com.kwonsye.springboot.webservice.web.PostsApiControllerTest]: no resource found for suffixes {-context.xml, Context.groovy}.
14:56:52.406 [Test worker] INFO org.springframework.test.context.support.AnnotationConfigContextLoaderUtils - Could not detect default configuration classes for test class [com.kwonsye.springboot.webservice.web.PostsApiControllerTest]: PostsApiControllerTest does not declare any static, non-private, non-final, nested classes annotated with @Configuration.
14:56:52.502 [Test worker] DEBUG org.springframework.test.context.support.ActiveProfilesUtils - Could not find an 'annotation declaring class' for annotation type [org.springframework.test.context.ActiveProfiles] and class [com.kwonsye.springboot.webservice.web.PostsApiControllerTest]
14:56:52.714 [Test worker] DEBUG org.springframework.context.annotation.ClassPathScanningCandidateComponentProvider - Identified candidate component class: file [C:\Users\kwons\springboot-webservice\build\classes\java\main\com\kwonsye\springboot\webservice\Application.class]
14:56:52.714 [Test worker] INFO org.springframework.boot.test.context.SpringBootTestContextBootstrapper - Found @SpringBootConfiguration com.kwonsye.springboot.webservice.Application for test class com.kwonsye.springboot.webservice.web.PostsApiControllerTest
14:56:52.903 [Test worker] DEBUG org.springframework.boot.test.context.SpringBootTestContextBootstrapper - @TestExecutionListeners is not present for class [com.kwonsye.springboot.webservice.web.PostsApiControllerTest]: using defaults.
14:56:52.903 [Test worker] INFO org.springframework.boot.test.context.SpringBootTestContextBootstrapper - Loaded default TestExecutionListener class names from location [META-INF/spring.factories]: [org.springframework.boot.test.autoconfigure.restdocs.RestDocsTestExecutionListener, org.springframework.boot.test.autoconfigure.web.client.MockRestServiceServerResetTestExecutionListener, org.springframework.boot.test.autoconfigure.web.servlet.MockMvcPrintOnlyOnFailureTestExecutionListener, org.springframework.boot.test.autoconfigure.web.servlet.WebDriverTestExecutionListener, org.springframework.boot.test.mock.mockito.MockitoTestExecutionListener, org.springframework.boot.test.mock.mockito.ResetMocksTestExecutionListener, org.springframework.test.context.web.ServletTestExecutionListener, org.springframework.test.context.support.DirtiesContextBeforeModesTestExecutionListener, org.springframework.test.context.support.DependencyInjectionTestExecutionListener, org.springframework.test.context.support.DirtiesContextTestExecutionListener, org.springframework.test.context.transaction.TransactionalTestExecutionListener, org.springframework.test.context.jdbc.SqlScriptsTestExecutionListener]
14:56:52.950 [Test worker] INFO org.springframework.boot.test.context.SpringBootTestContextBootstrapper - Using TestExecutionListeners: [org.springframework.test.context.web.ServletTestExecutionListener@4dd9841f, org.springframework.test.context.support.DirtiesContextBeforeModesTestExecutionListener@cefcff, org.springframework.boot.test.mock.mockito.MockitoTestExecutionListener@23458bf6, org.springframework.boot.test.autoconfigure.SpringBootDependencyInjectionTestExecutionListener@1d6c919a, org.springframework.test.context.support.DirtiesContextTestExecutionListener@1c940754, org.springframework.test.context.transaction.TransactionalTestExecutionListener@6b4a393d, org.springframework.test.context.jdbc.SqlScriptsTestExecutionListener@64df1599, org.springframework.boot.test.autoconfigure.restdocs.RestDocsTestExecutionListener@1dc6a8d9, org.springframework.boot.test.autoconfigure.web.client.MockRestServiceServerResetTestExecutionListener@2154a292, org.springframework.boot.test.autoconfigure.web.servlet.MockMvcPrintOnlyOnFailureTestExecutionListener@1bedf454, org.springframework.boot.test.autoconfigure.web.servlet.WebDriverTestExecutionListener@782596d, org.springframework.boot.test.mock.mockito.ResetMocksTestExecutionListener@2f2ab924]
14:56:52.950 [Test worker] DEBUG org.springframework.test.annotation.ProfileValueUtils - Retrieved @ProfileValueSourceConfiguration [null] for test class [com.kwonsye.springboot.webservice.web.PostsApiControllerTest]
14:56:52.950 [Test worker] DEBUG org.springframework.test.annotation.ProfileValueUtils - Retrieved ProfileValueSource type [class org.springframework.test.annotation.SystemProfileValueSource] for class [com.kwonsye.springboot.webservice.web.PostsApiControllerTest]
14:56:52.965 [Test worker] DEBUG org.springframework.test.annotation.ProfileValueUtils - Retrieved @ProfileValueSourceConfiguration [null] for test class [com.kwonsye.springboot.webservice.web.PostsApiControllerTest]
14:56:52.965 [Test worker] DEBUG org.springframework.test.annotation.ProfileValueUtils - Retrieved ProfileValueSource type [class org.springframework.test.annotation.SystemProfileValueSource] for class [com.kwonsye.springboot.webservice.web.PostsApiControllerTest]
14:56:52.965 [Test worker] DEBUG org.springframework.test.annotation.ProfileValueUtils - Retrieved @ProfileValueSourceConfiguration [null] for test class [com.kwonsye.springboot.webservice.web.PostsApiControllerTest]
14:56:52.965 [Test worker] DEBUG org.springframework.test.annotation.ProfileValueUtils - Retrieved ProfileValueSource type [class org.springframework.test.annotation.SystemProfileValueSource] for class [com.kwonsye.springboot.webservice.web.PostsApiControllerTest]
14:56:52.965 [Test worker] DEBUG org.springframework.test.context.support.AbstractDirtiesContextTestExecutionListener - Before test class: context [DefaultTestContext@60d57499 testClass = PostsApiControllerTest, testInstance = [null], testMethod = [null], testException = [null], mergedContextConfiguration = [WebMergedContextConfiguration@76a63fe6 testClass = PostsApiControllerTest, locations = '{}', classes = '{class com.kwonsye.springboot.webservice.Application}', contextInitializerClasses = '[]', activeProfiles = '{}', propertySourceLocations = '{}', propertySourceProperties = '{org.springframework.boot.test.context.SpringBootTestContextBootstrapper=true, server.port=0}', contextCustomizers = set[org.springframework.boot.test.autoconfigure.properties.PropertyMappingContextCustomizer@0, org.springframework.boot.test.autoconfigure.web.servlet.WebDriverContextCustomizerFactory$Customizer@3028275, org.springframework.boot.test.context.filter.ExcludeFilterContextCustomizer@4984a5a7, org.springframework.boot.test.json.DuplicateJsonObjectContextCustomizerFactory$DuplicateJsonObjectContextCustomizer@1582533, org.springframework.boot.test.mock.mockito.MockitoContextCustomizer@0, org.springframework.boot.test.web.client.TestRestTemplateContextCustomizer@1eb020ed], resourceBasePath = 'src/main/webapp', contextLoader = 'org.springframework.boot.test.context.SpringBootContextLoader', parent = [null]], attributes = map['org.springframework.test.context.web.ServletTestExecutionListener.activateListener' -> false]], class annotated with @DirtiesContext [false] with mode [null].
14:56:52.981 [Test worker] DEBUG org.springframework.test.annotation.ProfileValueUtils - Retrieved @ProfileValueSourceConfiguration [null] for test class [com.kwonsye.springboot.webservice.web.PostsApiControllerTest]
14:56:52.981 [Test worker] DEBUG org.springframework.test.annotation.ProfileValueUtils - Retrieved ProfileValueSource type [class org.springframework.test.annotation.SystemProfileValueSource] for class [com.kwonsye.springboot.webservice.web.PostsApiControllerTest]
14:56:52.981 [Test worker] DEBUG org.springframework.test.context.support.DependencyInjectionTestExecutionListener - Performing dependency injection for test context [[DefaultTestContext@60d57499 testClass = PostsApiControllerTest, testInstance = com.kwonsye.springboot.webservice.web.PostsApiControllerTest@5c42db68, testMethod = [null], testException = [null], mergedContextConfiguration = [WebMergedContextConfiguration@76a63fe6 testClass = PostsApiControllerTest, locations = '{}', classes = '{class com.kwonsye.springboot.webservice.Application}', contextInitializerClasses = '[]', activeProfiles = '{}', propertySourceLocations = '{}', propertySourceProperties = '{org.springframework.boot.test.context.SpringBootTestContextBootstrapper=true, server.port=0}', contextCustomizers = set[org.springframework.boot.test.autoconfigure.properties.PropertyMappingContextCustomizer@0, org.springframework.boot.test.autoconfigure.web.servlet.WebDriverContextCustomizerFactory$Customizer@3028275, org.springframework.boot.test.context.filter.ExcludeFilterContextCustomizer@4984a5a7, org.springframework.boot.test.json.DuplicateJsonObjectContextCustomizerFactory$DuplicateJsonObjectContextCustomizer@1582533, org.springframework.boot.test.mock.mockito.MockitoContextCustomizer@0, org.springframework.boot.test.web.client.TestRestTemplateContextCustomizer@1eb020ed], resourceBasePath = 'src/main/webapp', contextLoader = 'org.springframework.boot.test.context.SpringBootContextLoader', parent = [null]], attributes = map['org.springframework.test.context.web.ServletTestExecutionListener.activateListener' -> false]]].
14:56:53.031 [Test worker] DEBUG org.springframework.test.context.support.TestPropertySourceUtils - Adding inlined properties to environment: {spring.jmx.enabled=false, org.springframework.boot.test.context.SpringBootTestContextBootstrapper=true, server.port=0}

  .   ____          _            __ _ _
 /\\ / ___'_ __ _ _(_)_ __  __ _ \ \ \ \
( ( )\___ | '_ | '_| | '_ \/ _` | \ \ \ \
 \\/  ___)| |_)| | | | | || (_| |  ) ) ) )
  '  |____| .__|_| |_|_| |_\__, | / / / /
 =========|_|==============|___/=/_/_/_/
 :: Spring Boot ::        (v2.1.7.RELEASE)

2020-04-25 14:56:53.645  INFO 28340 --- [    Test worker] c.k.s.w.web.PostsApiControllerTest       : Starting PostsApiControllerTest on LAPTOP-LP84CHN5 with PID 28340 (started by kwons in C:\Users\kwons\springboot-webservice)
2020-04-25 14:56:53.645  INFO 28340 --- [    Test worker] c.k.s.w.web.PostsApiControllerTest       : No active profile set, falling back to default profiles: default
2020-04-25 14:56:55.363  INFO 28340 --- [    Test worker] .s.d.r.c.RepositoryConfigurationDelegate : Bootstrapping Spring Data repositories in DEFAULT mode.
2020-04-25 14:56:55.520  INFO 28340 --- [    Test worker] .s.d.r.c.RepositoryConfigurationDelegate : Finished Spring Data repository scanning in 140ms. Found 1 repository interfaces.
2020-04-25 14:56:56.271  INFO 28340 --- [    Test worker] trationDelegate$BeanPostProcessorChecker : Bean 'org.springframework.transaction.annotation.ProxyTransactionManagementConfiguration' of type [org.springframework.transaction.annotation.ProxyTransactionManagementConfiguration$$EnhancerBySpringCGLIB$$397e2cb] is not eligible for getting processed by all BeanPostProcessors (for example: not eligible for auto-proxying)
2020-04-25 14:56:57.251  INFO 28340 --- [    Test worker] o.s.b.w.embedded.tomcat.TomcatWebServer  : Tomcat initialized with port(s): 0 (http)
2020-04-25 14:56:57.298  INFO 28340 --- [    Test worker] o.apache.catalina.core.StandardService   : Starting service [Tomcat]
2020-04-25 14:56:57.314  INFO 28340 --- [    Test worker] org.apache.catalina.core.StandardEngine  : Starting Servlet engine: [Apache Tomcat/9.0.22]
2020-04-25 14:56:57.579  INFO 28340 --- [    Test worker] o.a.c.c.C.[Tomcat].[localhost].[/]       : Initializing Spring embedded WebApplicationContext
2020-04-25 14:56:57.579  INFO 28340 --- [    Test worker] o.s.web.context.ContextLoader            : Root WebApplicationContext: initialization completed in 3888 ms
2020-04-25 14:56:58.074  INFO 28340 --- [    Test worker] com.zaxxer.hikari.HikariDataSource       : HikariPool-1 - Starting...
2020-04-25 14:56:58.440  INFO 28340 --- [    Test worker] com.zaxxer.hikari.HikariDataSource       : HikariPool-1 - Start completed.
2020-04-25 14:56:58.631  INFO 28340 --- [    Test worker] o.hibernate.jpa.internal.util.LogHelper  : HHH000204: Processing PersistenceUnitInfo [
	name: default
	...]
2020-04-25 14:56:58.826  INFO 28340 --- [    Test worker] org.hibernate.Version                    : HHH000412: Hibernate Core {5.3.10.Final}
2020-04-25 14:56:58.834  INFO 28340 --- [    Test worker] org.hibernate.cfg.Environment            : HHH000206: hibernate.properties not found
2020-04-25 14:56:59.215  INFO 28340 --- [    Test worker] o.hibernate.annotations.common.Version   : HCANN000001: Hibernate Commons Annotations {5.0.4.Final}
2020-04-25 14:56:59.585  INFO 28340 --- [    Test worker] org.hibernate.dialect.Dialect            : HHH000400: Using dialect: org.hibernate.dialect.MySQL5InnoDBDialect
Hibernate: drop table if exists posts
Hibernate: create table posts (id bigint not null auto_increment, author varchar(255), content TEXT not null, title varchar(500) not null, primary key (id)) engine=InnoDB
2020-04-25 14:57:00.846  INFO 28340 --- [    Test worker] o.h.t.schema.internal.SchemaCreatorImpl  : HHH000476: Executing import script 'org.hibernate.tool.schema.internal.exec.ScriptSourceInputNonExistentImpl@62e2c42a'
2020-04-25 14:57:00.862  INFO 28340 --- [    Test worker] j.LocalContainerEntityManagerFactoryBean : Initialized JPA EntityManagerFactory for persistence unit 'default'
2020-04-25 14:57:02.639  INFO 28340 --- [    Test worker] o.s.s.concurrent.ThreadPoolTaskExecutor  : Initializing ExecutorService 'applicationTaskExecutor'
2020-04-25 14:57:02.766  WARN 28340 --- [    Test worker] aWebConfiguration$JpaWebMvcConfiguration : spring.jpa.open-in-view is enabled by default. Therefore, database queries may be performed during view rendering. Explicitly configure spring.jpa.open-in-view to disable this warning
2020-04-25 14:57:03.625  INFO 28340 --- [    Test worker] o.s.b.w.embedded.tomcat.TomcatWebServer  : Tomcat started on port(s): 3972 (http) with context path ''
2020-04-25 14:57:03.625  INFO 28340 --- [    Test worker] c.k.s.w.web.PostsApiControllerTest       : Started PostsApiControllerTest in 10.594 seconds (JVM running for 13.046)
Hibernate: insert into posts (author, content, title) values (?, ?, ?)
2020-04-25 14:57:04.191  INFO 28340 --- [o-auto-1-exec-1] o.a.c.c.C.[Tomcat].[localhost].[/]       : Initializing Spring DispatcherServlet 'dispatcherServlet'
2020-04-25 14:57:04.191  INFO 28340 --- [o-auto-1-exec-1] o.s.web.servlet.DispatcherServlet        : Initializing Servlet 'dispatcherServlet'
2020-04-25 14:57:04.238  INFO 28340 --- [o-auto-1-exec-1] o.s.web.servlet.DispatcherServlet        : Completed initialization in 47 ms
Hibernate: select posts0_.id as id1_0_0_, posts0_.author as author2_0_0_, posts0_.content as content3_0_0_, posts0_.title as title4_0_0_ from posts posts0_ where posts0_.id=?
Hibernate: update posts set author=?, content=?, title=? where id=?
2020-04-25 14:57:04.734  INFO 28340 --- [    Test worker] o.h.h.i.QueryTranslatorFactoryInitiator  : HHH000397: Using ASTQueryTranslatorFactory
Hibernate: select posts0_.id as id1_0_, posts0_.author as author2_0_, posts0_.content as content3_0_, posts0_.title as title4_0_ from posts posts0_
Hibernate: select posts0_.id as id1_0_, posts0_.author as author2_0_, posts0_.content as content3_0_, posts0_.title as title4_0_ from posts posts0_
Hibernate: delete from posts where id=?
]]></system-out>
  <system-err><![CDATA[]]></system-err>
</testsuite>
