<?xml version="1.0" encoding="UTF-8"?>
<testsuite name="com.kwonsye.springboot.webservice.web.IndexControllerTest" tests="1" skipped="0" failures="0" errors="0" timestamp="2020-04-25T08:29:58" hostname="LAPTOP-LP84CHN5" time="0.695">
  <properties/>
  <testcase name="loadMainPage" classname="com.kwonsye.springboot.webservice.web.IndexControllerTest" time="0.695"/>
  <system-out><![CDATA[17:29:46.287 [Test worker] DEBUG org.springframework.test.context.junit4.SpringJUnit4ClassRunner - SpringJUnit4ClassRunner constructor called with [class com.kwonsye.springboot.webservice.web.IndexControllerTest]
17:29:46.303 [Test worker] DEBUG org.springframework.test.context.BootstrapUtils - Instantiating CacheAwareContextLoaderDelegate from class [org.springframework.test.context.cache.DefaultCacheAwareContextLoaderDelegate]
17:29:46.355 [Test worker] DEBUG org.springframework.test.context.BootstrapUtils - Instantiating BootstrapContext using constructor [public org.springframework.test.context.support.DefaultBootstrapContext(java.lang.Class,org.springframework.test.context.CacheAwareContextLoaderDelegate)]
17:29:46.384 [Test worker] DEBUG org.springframework.test.context.BootstrapUtils - Instantiating TestContextBootstrapper for test class [com.kwonsye.springboot.webservice.web.IndexControllerTest] from class [org.springframework.boot.test.context.SpringBootTestContextBootstrapper]
17:29:46.415 [Test worker] INFO org.springframework.boot.test.context.SpringBootTestContextBootstrapper - Neither @ContextConfiguration nor @ContextHierarchy found for test class [com.kwonsye.springboot.webservice.web.IndexControllerTest], using SpringBootContextLoader
17:29:46.431 [Test worker] DEBUG org.springframework.test.context.support.AbstractContextLoader - Did not detect default resource location for test class [com.kwonsye.springboot.webservice.web.IndexControllerTest]: class path resource [com/kwonsye/springboot/webservice/web/IndexControllerTest-context.xml] does not exist
17:29:46.446 [Test worker] DEBUG org.springframework.test.context.support.AbstractContextLoader - Did not detect default resource location for test class [com.kwonsye.springboot.webservice.web.IndexControllerTest]: class path resource [com/kwonsye/springboot/webservice/web/IndexControllerTestContext.groovy] does not exist
17:29:46.446 [Test worker] INFO org.springframework.test.context.support.AbstractContextLoader - Could not detect default resource locations for test class [com.kwonsye.springboot.webservice.web.IndexControllerTest]: no resource found for suffixes {-context.xml, Context.groovy}.
17:29:46.446 [Test worker] INFO org.springframework.test.context.support.AnnotationConfigContextLoaderUtils - Could not detect default configuration classes for test class [com.kwonsye.springboot.webservice.web.IndexControllerTest]: IndexControllerTest does not declare any static, non-private, non-final, nested classes annotated with @Configuration.
17:29:46.547 [Test worker] DEBUG org.springframework.test.context.support.ActiveProfilesUtils - Could not find an 'annotation declaring class' for annotation type [org.springframework.test.context.ActiveProfiles] and class [com.kwonsye.springboot.webservice.web.IndexControllerTest]
17:29:46.748 [Test worker] DEBUG org.springframework.context.annotation.ClassPathScanningCandidateComponentProvider - Identified candidate component class: file [C:\Users\kwons\springboot-webservice\build\classes\java\main\com\kwonsye\springboot\webservice\Application.class]
17:29:46.750 [Test worker] INFO org.springframework.boot.test.context.SpringBootTestContextBootstrapper - Found @SpringBootConfiguration com.kwonsye.springboot.webservice.Application for test class com.kwonsye.springboot.webservice.web.IndexControllerTest
17:29:46.938 [Test worker] DEBUG org.springframework.boot.test.context.SpringBootTestContextBootstrapper - @TestExecutionListeners is not present for class [com.kwonsye.springboot.webservice.web.IndexControllerTest]: using defaults.
17:29:46.938 [Test worker] INFO org.springframework.boot.test.context.SpringBootTestContextBootstrapper - Loaded default TestExecutionListener class names from location [META-INF/spring.factories]: [org.springframework.boot.test.autoconfigure.restdocs.RestDocsTestExecutionListener, org.springframework.boot.test.autoconfigure.web.client.MockRestServiceServerResetTestExecutionListener, org.springframework.boot.test.autoconfigure.web.servlet.MockMvcPrintOnlyOnFailureTestExecutionListener, org.springframework.boot.test.autoconfigure.web.servlet.WebDriverTestExecutionListener, org.springframework.boot.test.mock.mockito.MockitoTestExecutionListener, org.springframework.boot.test.mock.mockito.ResetMocksTestExecutionListener, org.springframework.test.context.web.ServletTestExecutionListener, org.springframework.test.context.support.DirtiesContextBeforeModesTestExecutionListener, org.springframework.test.context.support.DependencyInjectionTestExecutionListener, org.springframework.test.context.support.DirtiesContextTestExecutionListener, org.springframework.test.context.transaction.TransactionalTestExecutionListener, org.springframework.test.context.jdbc.SqlScriptsTestExecutionListener]
17:29:47.000 [Test worker] INFO org.springframework.boot.test.context.SpringBootTestContextBootstrapper - Using TestExecutionListeners: [org.springframework.test.context.web.ServletTestExecutionListener@2b6eddc2, org.springframework.test.context.support.DirtiesContextBeforeModesTestExecutionListener@46741883, org.springframework.boot.test.mock.mockito.MockitoTestExecutionListener@35f48934, org.springframework.boot.test.autoconfigure.SpringBootDependencyInjectionTestExecutionListener@45d6904d, org.springframework.test.context.support.DirtiesContextTestExecutionListener@188bd5f8, org.springframework.test.context.transaction.TransactionalTestExecutionListener@7e5d766a, org.springframework.test.context.jdbc.SqlScriptsTestExecutionListener@6f71fdbc, org.springframework.boot.test.autoconfigure.restdocs.RestDocsTestExecutionListener@1ed45ce7, org.springframework.boot.test.autoconfigure.web.client.MockRestServiceServerResetTestExecutionListener@58367ed0, org.springframework.boot.test.autoconfigure.web.servlet.MockMvcPrintOnlyOnFailureTestExecutionListener@4dcdbd9a, org.springframework.boot.test.autoconfigure.web.servlet.WebDriverTestExecutionListener@2db13582, org.springframework.boot.test.mock.mockito.ResetMocksTestExecutionListener@11be77b7]
17:29:47.000 [Test worker] DEBUG org.springframework.test.annotation.ProfileValueUtils - Retrieved @ProfileValueSourceConfiguration [null] for test class [com.kwonsye.springboot.webservice.web.IndexControllerTest]
17:29:47.000 [Test worker] DEBUG org.springframework.test.annotation.ProfileValueUtils - Retrieved ProfileValueSource type [class org.springframework.test.annotation.SystemProfileValueSource] for class [com.kwonsye.springboot.webservice.web.IndexControllerTest]
17:29:47.000 [Test worker] DEBUG org.springframework.test.annotation.ProfileValueUtils - Retrieved @ProfileValueSourceConfiguration [null] for test class [com.kwonsye.springboot.webservice.web.IndexControllerTest]
17:29:47.000 [Test worker] DEBUG org.springframework.test.annotation.ProfileValueUtils - Retrieved ProfileValueSource type [class org.springframework.test.annotation.SystemProfileValueSource] for class [com.kwonsye.springboot.webservice.web.IndexControllerTest]
17:29:47.016 [Test worker] DEBUG org.springframework.test.annotation.ProfileValueUtils - Retrieved @ProfileValueSourceConfiguration [null] for test class [com.kwonsye.springboot.webservice.web.IndexControllerTest]
17:29:47.016 [Test worker] DEBUG org.springframework.test.annotation.ProfileValueUtils - Retrieved ProfileValueSource type [class org.springframework.test.annotation.SystemProfileValueSource] for class [com.kwonsye.springboot.webservice.web.IndexControllerTest]
17:29:47.016 [Test worker] DEBUG org.springframework.test.context.support.AbstractDirtiesContextTestExecutionListener - Before test class: context [DefaultTestContext@7be8b34c testClass = IndexControllerTest, testInstance = [null], testMethod = [null], testException = [null], mergedContextConfiguration = [WebMergedContextConfiguration@a74edad testClass = IndexControllerTest, locations = '{}', classes = '{class com.kwonsye.springboot.webservice.Application}', contextInitializerClasses = '[]', activeProfiles = '{}', propertySourceLocations = '{}', propertySourceProperties = '{org.springframework.boot.test.context.SpringBootTestContextBootstrapper=true, server.port=0}', contextCustomizers = set[org.springframework.boot.test.autoconfigure.properties.PropertyMappingContextCustomizer@0, org.springframework.boot.test.autoconfigure.web.servlet.WebDriverContextCustomizerFactory$Customizer@38847615, org.springframework.boot.test.context.filter.ExcludeFilterContextCustomizer@27d4afea, org.springframework.boot.test.json.DuplicateJsonObjectContextCustomizerFactory$DuplicateJsonObjectContextCustomizer@52681bc, org.springframework.boot.test.mock.mockito.MockitoContextCustomizer@0, org.springframework.boot.test.web.client.TestRestTemplateContextCustomizer@5f790448], resourceBasePath = 'src/main/webapp', contextLoader = 'org.springframework.boot.test.context.SpringBootContextLoader', parent = [null]], attributes = map['org.springframework.test.context.web.ServletTestExecutionListener.activateListener' -> false]], class annotated with @DirtiesContext [false] with mode [null].
17:29:47.016 [Test worker] DEBUG org.springframework.test.annotation.ProfileValueUtils - Retrieved @ProfileValueSourceConfiguration [null] for test class [com.kwonsye.springboot.webservice.web.IndexControllerTest]
17:29:47.016 [Test worker] DEBUG org.springframework.test.annotation.ProfileValueUtils - Retrieved ProfileValueSource type [class org.springframework.test.annotation.SystemProfileValueSource] for class [com.kwonsye.springboot.webservice.web.IndexControllerTest]
17:29:47.031 [Test worker] DEBUG org.springframework.test.context.support.DependencyInjectionTestExecutionListener - Performing dependency injection for test context [[DefaultTestContext@7be8b34c testClass = IndexControllerTest, testInstance = com.kwonsye.springboot.webservice.web.IndexControllerTest@2996f625, testMethod = [null], testException = [null], mergedContextConfiguration = [WebMergedContextConfiguration@a74edad testClass = IndexControllerTest, locations = '{}', classes = '{class com.kwonsye.springboot.webservice.Application}', contextInitializerClasses = '[]', activeProfiles = '{}', propertySourceLocations = '{}', propertySourceProperties = '{org.springframework.boot.test.context.SpringBootTestContextBootstrapper=true, server.port=0}', contextCustomizers = set[org.springframework.boot.test.autoconfigure.properties.PropertyMappingContextCustomizer@0, org.springframework.boot.test.autoconfigure.web.servlet.WebDriverContextCustomizerFactory$Customizer@38847615, org.springframework.boot.test.context.filter.ExcludeFilterContextCustomizer@27d4afea, org.springframework.boot.test.json.DuplicateJsonObjectContextCustomizerFactory$DuplicateJsonObjectContextCustomizer@52681bc, org.springframework.boot.test.mock.mockito.MockitoContextCustomizer@0, org.springframework.boot.test.web.client.TestRestTemplateContextCustomizer@5f790448], resourceBasePath = 'src/main/webapp', contextLoader = 'org.springframework.boot.test.context.SpringBootContextLoader', parent = [null]], attributes = map['org.springframework.test.context.web.ServletTestExecutionListener.activateListener' -> false]]].
17:29:47.063 [Test worker] DEBUG org.springframework.test.context.support.TestPropertySourceUtils - Adding inlined properties to environment: {spring.jmx.enabled=false, org.springframework.boot.test.context.SpringBootTestContextBootstrapper=true, server.port=0}

  .   ____          _            __ _ _
 /\\ / ___'_ __ _ _(_)_ __  __ _ \ \ \ \
( ( )\___ | '_ | '_| | '_ \/ _` | \ \ \ \
 \\/  ___)| |_)| | | | | || (_| |  ) ) ) )
  '  |____| .__|_| |_|_| |_\__, | / / / /
 =========|_|==============|___/=/_/_/_/
 :: Spring Boot ::        (v2.1.7.RELEASE)

2020-04-25 17:29:47.674  INFO 16164 --- [    Test worker] c.k.s.w.web.IndexControllerTest          : Starting IndexControllerTest on LAPTOP-LP84CHN5 with PID 16164 (started by kwons in C:\Users\kwons\springboot-webservice)
2020-04-25 17:29:47.674  INFO 16164 --- [    Test worker] c.k.s.w.web.IndexControllerTest          : No active profile set, falling back to default profiles: default
2020-04-25 17:29:49.367  INFO 16164 --- [    Test worker] .s.d.r.c.RepositoryConfigurationDelegate : Bootstrapping Spring Data repositories in DEFAULT mode.
2020-04-25 17:29:49.510  INFO 16164 --- [    Test worker] .s.d.r.c.RepositoryConfigurationDelegate : Finished Spring Data repository scanning in 127ms. Found 1 repository interfaces.
2020-04-25 17:29:50.275  INFO 16164 --- [    Test worker] trationDelegate$BeanPostProcessorChecker : Bean 'org.springframework.transaction.annotation.ProxyTransactionManagementConfiguration' of type [org.springframework.transaction.annotation.ProxyTransactionManagementConfiguration$$EnhancerBySpringCGLIB$$e1e86a56] is not eligible for getting processed by all BeanPostProcessors (for example: not eligible for auto-proxying)
2020-04-25 17:29:51.270  INFO 16164 --- [    Test worker] o.s.b.w.embedded.tomcat.TomcatWebServer  : Tomcat initialized with port(s): 0 (http)
2020-04-25 17:29:51.317  INFO 16164 --- [    Test worker] o.apache.catalina.core.StandardService   : Starting service [Tomcat]
2020-04-25 17:29:51.317  INFO 16164 --- [    Test worker] org.apache.catalina.core.StandardEngine  : Starting Servlet engine: [Apache Tomcat/9.0.22]
2020-04-25 17:29:51.614  INFO 16164 --- [    Test worker] o.a.c.c.C.[Tomcat].[localhost].[/]       : Initializing Spring embedded WebApplicationContext
2020-04-25 17:29:51.614  INFO 16164 --- [    Test worker] o.s.web.context.ContextLoader            : Root WebApplicationContext: initialization completed in 3877 ms
2020-04-25 17:29:52.208  INFO 16164 --- [    Test worker] com.zaxxer.hikari.HikariDataSource       : HikariPool-1 - Starting...
2020-04-25 17:29:52.566  INFO 16164 --- [    Test worker] com.zaxxer.hikari.HikariDataSource       : HikariPool-1 - Start completed.
2020-04-25 17:29:52.769  INFO 16164 --- [    Test worker] o.hibernate.jpa.internal.util.LogHelper  : HHH000204: Processing PersistenceUnitInfo [
	name: default
	...]
2020-04-25 17:29:52.972  INFO 16164 --- [    Test worker] org.hibernate.Version                    : HHH000412: Hibernate Core {5.3.10.Final}
2020-04-25 17:29:52.988  INFO 16164 --- [    Test worker] org.hibernate.cfg.Environment            : HHH000206: hibernate.properties not found
2020-04-25 17:29:53.402  INFO 16164 --- [    Test worker] o.hibernate.annotations.common.Version   : HCANN000001: Hibernate Commons Annotations {5.0.4.Final}
2020-04-25 17:29:53.813  INFO 16164 --- [    Test worker] org.hibernate.dialect.Dialect            : HHH000400: Using dialect: org.hibernate.dialect.MySQL5InnoDBDialect
Hibernate: drop table if exists posts
Hibernate: create table posts (id bigint not null auto_increment, created_date datetime, modified_date datetime, author varchar(255), content TEXT not null, title varchar(500) not null, primary key (id)) engine=InnoDB
2020-04-25 17:29:55.244  INFO 16164 --- [    Test worker] o.h.t.schema.internal.SchemaCreatorImpl  : HHH000476: Executing import script 'org.hibernate.tool.schema.internal.exec.ScriptSourceInputNonExistentImpl@62a5a5d1'
2020-04-25 17:29:55.244  INFO 16164 --- [    Test worker] j.LocalContainerEntityManagerFactoryBean : Initialized JPA EntityManagerFactory for persistence unit 'default'
2020-04-25 17:29:57.174  INFO 16164 --- [    Test worker] o.s.s.concurrent.ThreadPoolTaskExecutor  : Initializing ExecutorService 'applicationTaskExecutor'
2020-04-25 17:29:57.299  WARN 16164 --- [    Test worker] aWebConfiguration$JpaWebMvcConfiguration : spring.jpa.open-in-view is enabled by default. Therefore, database queries may be performed during view rendering. Explicitly configure spring.jpa.open-in-view to disable this warning
2020-04-25 17:29:57.417  INFO 16164 --- [    Test worker] o.s.b.a.w.s.WelcomePageHandlerMapping    : Adding welcome page template: index
2020-04-25 17:29:58.198  INFO 16164 --- [    Test worker] o.s.b.w.embedded.tomcat.TomcatWebServer  : Tomcat started on port(s): 4854 (http) with context path ''
2020-04-25 17:29:58.198  INFO 16164 --- [    Test worker] c.k.s.w.web.IndexControllerTest          : Started IndexControllerTest in 11.12 seconds (JVM running for 13.463)
2020-04-25 17:29:58.562  INFO 16164 --- [o-auto-1-exec-1] o.a.c.c.C.[Tomcat].[localhost].[/]       : Initializing Spring DispatcherServlet 'dispatcherServlet'
2020-04-25 17:29:58.562  INFO 16164 --- [o-auto-1-exec-1] o.s.web.servlet.DispatcherServlet        : Initializing Servlet 'dispatcherServlet'
2020-04-25 17:29:58.624  INFO 16164 --- [o-auto-1-exec-1] o.s.web.servlet.DispatcherServlet        : Completed initialization in 62 ms
]]></system-out>
  <system-err><![CDATA[]]></system-err>
</testsuite>
