<?xml version="1.0" encoding="UTF-8"?>
<testsuite name="com.kwonsye.springboot.webservice.web.PostsApiControllerTest" tests="2" skipped="0" failures="0" errors="0" timestamp="2020-05-02T16:54:19" hostname="LAPTOP-LP84CHN5" time="0.357">
  <properties/>
  <testcase name="registerPosts" classname="com.kwonsye.springboot.webservice.web.PostsApiControllerTest" time="0.238"/>
  <testcase name="updatePosts" classname="com.kwonsye.springboot.webservice.web.PostsApiControllerTest" time="0.118"/>
  <system-out><![CDATA[2020-05-03 01:54:19.175  INFO 22892 --- [    Test worker] .b.t.c.SpringBootTestContextBootstrapper : Neither @ContextConfiguration nor @ContextHierarchy found for test class [com.kwonsye.springboot.webservice.web.PostsApiControllerTest], using SpringBootContextLoader
2020-05-03 01:54:19.177  INFO 22892 --- [    Test worker] o.s.t.c.support.AbstractContextLoader    : Could not detect default resource locations for test class [com.kwonsye.springboot.webservice.web.PostsApiControllerTest]: no resource found for suffixes {-context.xml, Context.groovy}.
2020-05-03 01:54:19.177  INFO 22892 --- [    Test worker] t.c.s.AnnotationConfigContextLoaderUtils : Could not detect default configuration classes for test class [com.kwonsye.springboot.webservice.web.PostsApiControllerTest]: PostsApiControllerTest does not declare any static, non-private, non-final, nested classes annotated with @Configuration.
2020-05-03 01:54:19.184  INFO 22892 --- [    Test worker] .b.t.c.SpringBootTestContextBootstrapper : Found @SpringBootConfiguration com.kwonsye.springboot.webservice.Application for test class com.kwonsye.springboot.webservice.web.PostsApiControllerTest
2020-05-03 01:54:19.190  INFO 22892 --- [    Test worker] .b.t.c.SpringBootTestContextBootstrapper : Loaded default TestExecutionListener class names from location [META-INF/spring.factories]: [org.springframework.security.test.context.support.WithSecurityContextTestExecutionListener, org.springframework.security.test.context.support.ReactorContextTestExecutionListener, org.springframework.boot.test.autoconfigure.restdocs.RestDocsTestExecutionListener, org.springframework.boot.test.autoconfigure.web.client.MockRestServiceServerResetTestExecutionListener, org.springframework.boot.test.autoconfigure.web.servlet.MockMvcPrintOnlyOnFailureTestExecutionListener, org.springframework.boot.test.autoconfigure.web.servlet.WebDriverTestExecutionListener, org.springframework.boot.test.mock.mockito.MockitoTestExecutionListener, org.springframework.boot.test.mock.mockito.ResetMocksTestExecutionListener, org.springframework.test.context.web.ServletTestExecutionListener, org.springframework.test.context.support.DirtiesContextBeforeModesTestExecutionListener, org.springframework.test.context.support.DependencyInjectionTestExecutionListener, org.springframework.test.context.support.DirtiesContextTestExecutionListener, org.springframework.test.context.transaction.TransactionalTestExecutionListener, org.springframework.test.context.jdbc.SqlScriptsTestExecutionListener]
2020-05-03 01:54:19.193  INFO 22892 --- [    Test worker] .b.t.c.SpringBootTestContextBootstrapper : Using TestExecutionListeners: [org.springframework.test.context.web.ServletTestExecutionListener@435fcde9, org.springframework.test.context.support.DirtiesContextBeforeModesTestExecutionListener@3d2a3a46, org.springframework.boot.test.mock.mockito.MockitoTestExecutionListener@20088fcd, org.springframework.boot.test.autoconfigure.SpringBootDependencyInjectionTestExecutionListener@22576443, org.springframework.test.context.support.DirtiesContextTestExecutionListener@1fdac565, org.springframework.test.context.transaction.TransactionalTestExecutionListener@734e34d2, org.springframework.test.context.jdbc.SqlScriptsTestExecutionListener@175cab91, org.springframework.security.test.context.support.WithSecurityContextTestExecutionListener@e30a045, org.springframework.security.test.context.support.ReactorContextTestExecutionListener@4708bd0b, org.springframework.boot.test.autoconfigure.restdocs.RestDocsTestExecutionListener@45e2e99c, org.springframework.boot.test.autoconfigure.web.client.MockRestServiceServerResetTestExecutionListener@3710d292, org.springframework.boot.test.autoconfigure.web.servlet.MockMvcPrintOnlyOnFailureTestExecutionListener@3ca96ebd, org.springframework.boot.test.autoconfigure.web.servlet.WebDriverTestExecutionListener@3ecb7cc6, org.springframework.boot.test.mock.mockito.ResetMocksTestExecutionListener@6cb7dc8a]
2020-05-03 01:54:19.229  INFO 22892 --- [    Test worker] o.a.c.c.C.[Tomcat].[localhost].[/]       : Initializing Spring TestDispatcherServlet ''
2020-05-03 01:54:19.229  INFO 22892 --- [    Test worker] o.s.t.web.servlet.TestDispatcherServlet  : Initializing Servlet ''
2020-05-03 01:54:19.239  INFO 22892 --- [    Test worker] o.s.t.web.servlet.TestDispatcherServlet  : Completed initialization in 9 ms
Hibernate: insert into posts (created_date, modified_date, author, content, title) values (?, ?, ?, ?, ?)
Hibernate: select posts0_.id as id1_0_, posts0_.created_date as created_2_0_, posts0_.modified_date as modified3_0_, posts0_.author as author4_0_, posts0_.content as content5_0_, posts0_.title as title6_0_ from posts posts0_
Hibernate: select posts0_.id as id1_0_, posts0_.created_date as created_2_0_, posts0_.modified_date as modified3_0_, posts0_.author as author4_0_, posts0_.content as content5_0_, posts0_.title as title6_0_ from posts posts0_
Hibernate: delete from posts where id=?
2020-05-03 01:54:19.464  INFO 22892 --- [    Test worker] o.a.c.c.C.[Tomcat].[localhost].[/]       : Initializing Spring TestDispatcherServlet ''
2020-05-03 01:54:19.464  INFO 22892 --- [    Test worker] o.s.t.web.servlet.TestDispatcherServlet  : Initializing Servlet ''
2020-05-03 01:54:19.468  INFO 22892 --- [    Test worker] o.s.t.web.servlet.TestDispatcherServlet  : Completed initialization in 4 ms
Hibernate: insert into posts (created_date, modified_date, author, content, title) values (?, ?, ?, ?, ?)
Hibernate: select posts0_.id as id1_0_0_, posts0_.created_date as created_2_0_0_, posts0_.modified_date as modified3_0_0_, posts0_.author as author4_0_0_, posts0_.content as content5_0_0_, posts0_.title as title6_0_0_ from posts posts0_ where posts0_.id=?
Hibernate: update posts set created_date=?, modified_date=?, author=?, content=?, title=? where id=?
Hibernate: select posts0_.id as id1_0_, posts0_.created_date as created_2_0_, posts0_.modified_date as modified3_0_, posts0_.author as author4_0_, posts0_.content as content5_0_, posts0_.title as title6_0_ from posts posts0_
Hibernate: select posts0_.id as id1_0_, posts0_.created_date as created_2_0_, posts0_.modified_date as modified3_0_, posts0_.author as author4_0_, posts0_.content as content5_0_, posts0_.title as title6_0_ from posts posts0_
Hibernate: delete from posts where id=?
]]></system-out>
  <system-err><![CDATA[]]></system-err>
</testsuite>
